{"C:\\projects\\game-store-server\\src\\games\\games.exceptions.ts": {"path":"C:\\projects\\game-store-server\\src\\games\\games.exceptions.ts","statementMap":{"0":{"start":{"line":1,"column":0},"end":{"line":1,"column":44}},"1":{"start":{"line":5,"column":2},"end":{"line":5,"column":68}},"2":{"start":{"line":9,"column":2},"end":{"line":9,"column":76}},"3":{"start":{"line":3,"column":0},"end":{"line":3,"column":13}}},"fnMap":{"0":{"name":"(anonymous_0)","decl":{"start":{"line":4,"column":1},"end":{"line":4,"column":7}},"loc":{"start":{"line":4,"column":20},"end":{"line":6,"column":2}}},"1":{"name":"(anonymous_1)","decl":{"start":{"line":8,"column":1},"end":{"line":8,"column":7}},"loc":{"start":{"line":8,"column":28},"end":{"line":10,"column":2}}}},"branchMap":{},"s":{"0":1,"1":0,"2":0,"3":1},"f":{"0":0,"1":0},"b":{}}
,"C:\\projects\\game-store-server\\src\\games\\games.service.ts": {"path":"C:\\projects\\game-store-server\\src\\games\\games.service.ts","statementMap":{"0":{"start":{"line":2,"column":0},"end":{"line":2,"column":57}},"1":{"start":{"line":3,"column":0},"end":{"line":3,"column":53}},"2":{"start":{"line":5,"column":0},"end":{"line":5,"column":48}},"3":{"start":{"line":6,"column":0},"end":{"line":6,"column":33}},"4":{"start":{"line":7,"column":0},"end":{"line":7,"column":42}},"5":{"start":{"line":11,"column":2},"end":{"line":15,"column":null}},"6":{"start":{"line":12,"column":3},"end":{"line":14,"column":null}},"7":{"start":{"line":13,"column":4},"end":{"line":13,"column":49}},"8":{"start":{"line":19,"column":2},"end":{"line":19,"column":50}},"9":{"start":{"line":20,"column":18},"end":{"line":20,"column":50}},"10":{"start":{"line":21,"column":2},"end":{"line":21,"column":30}},"11":{"start":{"line":25,"column":2},"end":{"line":27,"column":null}},"12":{"start":{"line":26,"column":3},"end":{"line":26,"column":40}},"13":{"start":{"line":28,"column":15},"end":{"line":28,"column":38}},"14":{"start":{"line":29,"column":2},"end":{"line":31,"column":null}},"15":{"start":{"line":30,"column":3},"end":{"line":30,"column":40}},"16":{"start":{"line":32,"column":2},"end":{"line":32,"column":14}},"17":{"start":{"line":36,"column":20},"end":{"line":48,"column":4}},"18":{"start":{"line":49,"column":15},"end":{"line":49,"column":45}},"19":{"start":{"line":50,"column":21},"end":{"line":50,"column":33}},"20":{"start":{"line":51,"column":2},"end":{"line":53,"column":null}},"21":{"start":{"line":52,"column":3},"end":{"line":52,"column":37}},"22":{"start":{"line":54,"column":2},"end":{"line":58,"column":null}},"23":{"start":{"line":55,"column":3},"end":{"line":57,"column":null}},"24":{"start":{"line":56,"column":4},"end":{"line":56,"column":34}},"25":{"start":{"line":59,"column":2},"end":{"line":59,"column":20}},"26":{"start":{"line":60,"column":2},"end":{"line":60,"column":27}},"27":{"start":{"line":64,"column":15},"end":{"line":64,"column":45}},"28":{"start":{"line":65,"column":2},"end":{"line":65,"column":22}},"29":{"start":{"line":66,"column":2},"end":{"line":66,"column":27}},"30":{"start":{"line":70,"column":2},"end":{"line":70,"column":31}},"31":{"start":{"line":71,"column":16},"end":{"line":77,"column":30}},"32":{"start":{"line":77,"column":15},"end":{"line":77,"column":29}},"33":{"start":{"line":78,"column":24},"end":{"line":78,"column":51}},"34":{"start":{"line":79,"column":21},"end":{"line":79,"column":62}},"35":{"start":{"line":80,"column":2},"end":{"line":80,"column":50}},"36":{"start":{"line":9,"column":0},"end":{"line":9,"column":13}}},"fnMap":{"0":{"name":"(anonymous_0)","decl":{"start":{"line":10,"column":9},"end":{"line":10,"column":15}},"loc":{"start":{"line":10,"column":53},"end":{"line":16,"column":2}}},"1":{"name":"(anonymous_1)","decl":{"start":{"line":18,"column":1},"end":{"line":18,"column":7}},"loc":{"start":{"line":18,"column":53},"end":{"line":22,"column":2}}},"2":{"name":"(anonymous_2)","decl":{"start":{"line":24,"column":1},"end":{"line":24,"column":7}},"loc":{"start":{"line":24,"column":44},"end":{"line":33,"column":2}}},"3":{"name":"(anonymous_3)","decl":{"start":{"line":35,"column":1},"end":{"line":35,"column":7}},"loc":{"start":{"line":35,"column":74},"end":{"line":61,"column":2}}},"4":{"name":"(anonymous_4)","decl":{"start":{"line":63,"column":1},"end":{"line":63,"column":7}},"loc":{"start":{"line":63,"column":47},"end":{"line":67,"column":2}}},"5":{"name":"(anonymous_5)","decl":{"start":{"line":69,"column":1},"end":{"line":69,"column":7}},"loc":{"start":{"line":69,"column":57},"end":{"line":81,"column":2}}},"6":{"name":"(anonymous_6)","decl":{"start":{"line":77,"column":8},"end":{"line":77,"column":9}},"loc":{"start":{"line":77,"column":15},"end":{"line":77,"column":29}}}},"branchMap":{"0":{"loc":{"start":{"line":12,"column":3},"end":{"line":14,"column":null}},"type":"if","locations":[{"start":{"line":12,"column":3},"end":{"line":14,"column":null}}]},"1":{"loc":{"start":{"line":25,"column":2},"end":{"line":27,"column":null}},"type":"if","locations":[{"start":{"line":25,"column":2},"end":{"line":27,"column":null}}]},"2":{"loc":{"start":{"line":25,"column":6},"end":{"line":25,"column":40}},"type":"binary-expr","locations":[{"start":{"line":25,"column":6},"end":{"line":25,"column":9}},{"start":{"line":25,"column":13},"end":{"line":25,"column":40}}]},"3":{"loc":{"start":{"line":29,"column":2},"end":{"line":31,"column":null}},"type":"if","locations":[{"start":{"line":29,"column":2},"end":{"line":31,"column":null}}]},"4":{"loc":{"start":{"line":51,"column":2},"end":{"line":53,"column":null}},"type":"if","locations":[{"start":{"line":51,"column":2},"end":{"line":53,"column":null}}]},"5":{"loc":{"start":{"line":55,"column":3},"end":{"line":57,"column":null}},"type":"if","locations":[{"start":{"line":55,"column":3},"end":{"line":57,"column":null}}]},"6":{"loc":{"start":{"line":55,"column":7},"end":{"line":55,"column":65}},"type":"binary-expr","locations":[{"start":{"line":55,"column":7},"end":{"line":55,"column":30}},{"start":{"line":55,"column":34},"end":{"line":55,"column":65}}]},"7":{"loc":{"start":{"line":79,"column":21},"end":{"line":79,"column":62}},"type":"binary-expr","locations":[{"start":{"line":79,"column":21},"end":{"line":79,"column":57}},{"start":{"line":79,"column":61},"end":{"line":79,"column":62}}]}},"s":{"0":1,"1":1,"2":1,"3":1,"4":1,"5":16,"6":16,"7":0,"8":16,"9":16,"10":16,"11":0,"12":0,"13":0,"14":0,"15":0,"16":0,"17":0,"18":0,"19":0,"20":0,"21":0,"22":0,"23":0,"24":0,"25":0,"26":0,"27":0,"28":0,"29":0,"30":16,"31":16,"32":55,"33":9,"34":9,"35":9,"36":1},"f":{"0":16,"1":16,"2":0,"3":0,"4":0,"5":16,"6":55},"b":{"0":[0],"1":[0],"2":[0,0],"3":[0],"4":[0],"5":[0],"6":[0,0],"7":[9,0]}}
,"C:\\projects\\game-store-server\\src\\games\\dtos\\game.dto.ts": {"path":"C:\\projects\\game-store-server\\src\\games\\dtos\\game.dto.ts","statementMap":{"0":{"start":{"line":18,"column":2},"end":{"line":18,"column":21}},"1":{"start":{"line":19,"column":2},"end":{"line":19,"column":25}},"2":{"start":{"line":20,"column":2},"end":{"line":20,"column":39}},"3":{"start":{"line":21,"column":2},"end":{"line":21,"column":27}},"4":{"start":{"line":22,"column":2},"end":{"line":22,"column":35}},"5":{"start":{"line":23,"column":2},"end":{"line":23,"column":35}},"6":{"start":{"line":24,"column":2},"end":{"line":24,"column":33}},"7":{"start":{"line":25,"column":2},"end":{"line":25,"column":33}},"8":{"start":{"line":26,"column":2},"end":{"line":26,"column":39}},"9":{"start":{"line":27,"column":2},"end":{"line":27,"column":27}},"10":{"start":{"line":28,"column":2},"end":{"line":28,"column":33}},"11":{"start":{"line":29,"column":2},"end":{"line":29,"column":29}},"12":{"start":{"line":3,"column":0},"end":{"line":3,"column":13}}},"fnMap":{"0":{"name":"(anonymous_0)","decl":{"start":{"line":17,"column":1},"end":{"line":17,"column":13}},"loc":{"start":{"line":17,"column":18},"end":{"line":30,"column":2}}}},"branchMap":{},"s":{"0":126,"1":126,"2":126,"3":126,"4":126,"5":126,"6":126,"7":126,"8":126,"9":126,"10":126,"11":126,"12":1},"f":{"0":126},"b":{}}
,"C:\\projects\\game-store-server\\src\\games\\models\\game.model.ts": {"path":"C:\\projects\\game-store-server\\src\\games\\models\\game.model.ts","statementMap":{"0":{"start":{"line":1,"column":0},"end":{"line":1,"column":71}},"1":{"start":{"line":3,"column":13},"end":{"line":33,"column":3}},"2":{"start":{"line":39,"column":13},"end":{"line":39,"column":62}}},"fnMap":{},"branchMap":{},"s":{"0":1,"1":1,"2":1},"f":{},"b":{}}
,"C:\\projects\\game-store-server\\src\\lib\\exception.ts": {"path":"C:\\projects\\game-store-server\\src\\lib\\exception.ts","statementMap":{"0":{"start":{"line":2,"column":20},"end":{"line":2,"column":46}},"1":{"start":{"line":2,"column":55},"end":{"line":2,"column":73}},"2":{"start":{"line":5,"column":2},"end":{"line":5,"column":49}},"3":{"start":{"line":9,"column":2},"end":{"line":9,"column":46}},"4":{"start":{"line":13,"column":2},"end":{"line":13,"column":57}},"5":{"start":{"line":17,"column":2},"end":{"line":17,"column":44}},"6":{"start":{"line":1,"column":0},"end":{"line":1,"column":13}}},"fnMap":{"0":{"name":"(anonymous_0)","decl":{"start":{"line":2,"column":1},"end":{"line":2,"column":20}},"loc":{"start":{"line":2,"column":73},"end":{"line":2,"column":77}}},"1":{"name":"(anonymous_1)","decl":{"start":{"line":4,"column":1},"end":{"line":4,"column":7}},"loc":{"start":{"line":4,"column":29},"end":{"line":6,"column":2}}},"2":{"name":"(anonymous_2)","decl":{"start":{"line":8,"column":1},"end":{"line":8,"column":7}},"loc":{"start":{"line":8,"column":26},"end":{"line":10,"column":2}}},"3":{"name":"(anonymous_3)","decl":{"start":{"line":12,"column":1},"end":{"line":12,"column":7}},"loc":{"start":{"line":12,"column":27},"end":{"line":14,"column":2}}},"4":{"name":"(anonymous_4)","decl":{"start":{"line":16,"column":1},"end":{"line":16,"column":7}},"loc":{"start":{"line":16,"column":67},"end":{"line":18,"column":2}}}},"branchMap":{},"s":{"0":0,"1":0,"2":0,"3":0,"4":0,"5":0,"6":1},"f":{"0":0,"1":0,"2":0,"3":0,"4":0},"b":{}}
,"C:\\projects\\game-store-server\\src\\testing-utils\\MemoryDatabase.ts": {"path":"C:\\projects\\game-store-server\\src\\testing-utils\\MemoryDatabase.ts","statementMap":{"0":{"start":{"line":1,"column":0},"end":{"line":1,"column":32}},"1":{"start":{"line":2,"column":0},"end":{"line":2,"column":58}},"2":{"start":{"line":9,"column":2},"end":{"line":9,"column":19}},"3":{"start":{"line":13,"column":2},"end":{"line":13,"column":50}},"4":{"start":{"line":14,"column":14},"end":{"line":14,"column":35}},"5":{"start":{"line":15,"column":2},"end":{"line":15,"column":46}},"6":{"start":{"line":19,"column":2},"end":{"line":23,"column":null}},"7":{"start":{"line":20,"column":3},"end":{"line":20,"column":44}},"8":{"start":{"line":21,"column":3},"end":{"line":21,"column":36}},"9":{"start":{"line":22,"column":3},"end":{"line":22,"column":29}},"10":{"start":{"line":27,"column":2},"end":{"line":34,"column":null}},"11":{"start":{"line":28,"column":23},"end":{"line":28,"column":70}},"12":{"start":{"line":29,"column":3},"end":{"line":33,"column":null}},"13":{"start":{"line":30,"column":4},"end":{"line":32,"column":6}},"14":{"start":{"line":4,"column":0},"end":{"line":4,"column":13}}},"fnMap":{"0":{"name":"(anonymous_1)","decl":{"start":{"line":8,"column":1},"end":{"line":8,"column":null}},"loc":{"start":{"line":8,"column":1},"end":{"line":10,"column":2}}},"1":{"name":"(anonymous_2)","decl":{"start":{"line":12,"column":9},"end":{"line":12,"column":14}},"loc":{"start":{"line":12,"column":19},"end":{"line":16,"column":2}}},"2":{"name":"(anonymous_3)","decl":{"start":{"line":18,"column":1},"end":{"line":18,"column":6}},"loc":{"start":{"line":18,"column":20},"end":{"line":24,"column":2}}},"3":{"name":"(anonymous_4)","decl":{"start":{"line":26,"column":1},"end":{"line":26,"column":6}},"loc":{"start":{"line":26,"column":22},"end":{"line":35,"column":2}}}},"branchMap":{"0":{"loc":{"start":{"line":19,"column":2},"end":{"line":23,"column":null}},"type":"if","locations":[{"start":{"line":19,"column":2},"end":{"line":23,"column":null}}]},"1":{"loc":{"start":{"line":27,"column":2},"end":{"line":34,"column":null}},"type":"if","locations":[{"start":{"line":27,"column":2},"end":{"line":34,"column":null}}]}},"s":{"0":1,"1":1,"2":1,"3":1,"4":1,"5":1,"6":1,"7":1,"8":0,"9":0,"10":0,"11":0,"12":0,"13":0,"14":1},"f":{"0":1,"1":1,"2":1,"3":0},"b":{"0":[1],"1":[0]}}
,"C:\\projects\\game-store-server\\src\\testing-utils\\testDto.ts": {"path":"C:\\projects\\game-store-server\\src\\testing-utils\\testDto.ts","statementMap":{"0":{"start":{"line":1,"column":23},"end":{"line":7,"column":1}},"1":{"start":{"line":2,"column":16},"end":{"line":2,"column":28}},"2":{"start":{"line":3,"column":1},"end":{"line":3,"column":55}},"3":{"start":{"line":4,"column":1},"end":{"line":6,"column":3}},"4":{"start":{"line":4,"column":38},"end":{"line":4,"column":46}},"5":{"start":{"line":5,"column":35},"end":{"line":5,"column":43}},"6":{"start":{"line":1,"column":13},"end":{"line":1,"column":23}}},"fnMap":{"0":{"name":"(anonymous_0)","decl":{"start":{"line":1,"column":23},"end":{"line":1,"column":24}},"loc":{"start":{"line":1,"column":69},"end":{"line":7,"column":1}}},"1":{"name":"(anonymous_1)","decl":{"start":{"line":4,"column":31},"end":{"line":4,"column":32}},"loc":{"start":{"line":4,"column":38},"end":{"line":4,"column":46}}},"2":{"name":"(anonymous_2)","decl":{"start":{"line":5,"column":28},"end":{"line":5,"column":29}},"loc":{"start":{"line":5,"column":35},"end":{"line":5,"column":43}}}},"branchMap":{},"s":{"0":1,"1":55,"2":55,"3":55,"4":660,"5":660,"6":1},"f":{"0":55,"1":660,"2":660},"b":{}}
,"C:\\projects\\game-store-server\\src\\utils\\isImageUrl.ts": {"path":"C:\\projects\\game-store-server\\src\\utils\\isImageUrl.ts","statementMap":{"0":{"start":{"line":1,"column":0},"end":{"line":1,"column":26}},"1":{"start":{"line":3,"column":26},"end":{"line":12,"column":1}},"2":{"start":{"line":4,"column":1},"end":{"line":11,"column":null}},"3":{"start":{"line":5,"column":19},"end":{"line":5,"column":39}},"4":{"start":{"line":7,"column":3},"end":{"line":7,"column":71}},"5":{"start":{"line":8,"column":2},"end":{"line":8,"column":53}},"6":{"start":{"line":10,"column":2},"end":{"line":10,"column":15}},"7":{"start":{"line":3,"column":13},"end":{"line":3,"column":26}}},"fnMap":{"0":{"name":"(anonymous_1)","decl":{"start":{"line":3,"column":26},"end":{"line":3,"column":31}},"loc":{"start":{"line":3,"column":48},"end":{"line":12,"column":1}}}},"branchMap":{"0":{"loc":{"start":{"line":7,"column":3},"end":{"line":7,"column":71}},"type":"cond-expr","locations":[{"start":{"line":7,"column":35},"end":{"line":7,"column":39}},{"start":{"line":7,"column":39},"end":{"line":7,"column":71}}]},"1":{"loc":{"start":{"line":7,"column":3},"end":{"line":7,"column":39}},"type":"binary-expr","locations":[{"start":{"line":7,"column":3},"end":{"line":7,"column":39}},{"start":{"line":7,"column":35},"end":{"line":7,"column":39}}]}},"s":{"0":1,"1":1,"2":16,"3":16,"4":16,"5":16,"6":0,"7":1},"f":{"0":16},"b":{"0":[16,0],"1":[16,16]}}
}
