TN:
SF:src\games\games.exceptions.ts
FN:4,(anonymous_0)
FN:8,(anonymous_1)
FNF:2
FNH:0
FNDA:0,(anonymous_0)
FNDA:0,(anonymous_1)
DA:1,1
DA:3,1
DA:5,0
DA:9,0
LF:4
LH:2
BRF:0
BRH:0
end_of_record
TN:
SF:src\games\games.service.ts
FN:10,(anonymous_0)
FN:18,(anonymous_1)
FN:24,(anonymous_2)
FN:35,(anonymous_3)
FN:63,(anonymous_4)
FN:69,(anonymous_5)
FN:77,(anonymous_6)
FNF:7
FNH:4
FNDA:16,(anonymous_0)
FNDA:16,(anonymous_1)
FNDA:0,(anonymous_2)
FNDA:0,(anonymous_3)
FNDA:0,(anonymous_4)
FNDA:16,(anonymous_5)
FNDA:55,(anonymous_6)
DA:2,1
DA:3,1
DA:5,1
DA:6,1
DA:7,1
DA:9,1
DA:11,16
DA:12,16
DA:13,0
DA:19,16
DA:20,16
DA:21,16
DA:25,0
DA:26,0
DA:28,0
DA:29,0
DA:30,0
DA:32,0
DA:36,0
DA:49,0
DA:50,0
DA:51,0
DA:52,0
DA:54,0
DA:55,0
DA:56,0
DA:59,0
DA:60,0
DA:64,0
DA:65,0
DA:66,0
DA:70,16
DA:71,16
DA:77,55
DA:78,9
DA:79,9
DA:80,9
LF:37
LH:17
BRDA:12,0,0,0
BRDA:25,1,0,0
BRDA:25,2,0,0
BRDA:25,2,1,0
BRDA:29,3,0,0
BRDA:51,4,0,0
BRDA:55,5,0,0
BRDA:55,6,0,0
BRDA:55,6,1,0
BRDA:79,7,0,9
BRDA:79,7,1,0
BRF:11
BRH:1
end_of_record
TN:
SF:src\games\dtos\game.dto.ts
FN:17,(anonymous_0)
FNF:1
FNH:1
FNDA:126,(anonymous_0)
DA:3,1
DA:18,126
DA:19,126
DA:20,126
DA:21,126
DA:22,126
DA:23,126
DA:24,126
DA:25,126
DA:26,126
DA:27,126
DA:28,126
DA:29,126
LF:13
LH:13
BRF:0
BRH:0
end_of_record
TN:
SF:src\games\models\game.model.ts
FNF:0
FNH:0
DA:1,1
DA:3,1
DA:39,1
LF:3
LH:3
BRF:0
BRH:0
end_of_record
TN:
SF:src\lib\exception.ts
FN:2,(anonymous_0)
FN:4,(anonymous_1)
FN:8,(anonymous_2)
FN:12,(anonymous_3)
FN:16,(anonymous_4)
FNF:5
FNH:0
FNDA:0,(anonymous_0)
FNDA:0,(anonymous_1)
FNDA:0,(anonymous_2)
FNDA:0,(anonymous_3)
FNDA:0,(anonymous_4)
DA:1,1
DA:2,0
DA:5,0
DA:9,0
DA:13,0
DA:17,0
LF:6
LH:1
BRF:0
BRH:0
end_of_record
TN:
SF:src\testing-utils\MemoryDatabase.ts
FN:8,(anonymous_1)
FN:12,(anonymous_2)
FN:18,(anonymous_3)
FN:26,(anonymous_4)
FNF:4
FNH:3
FNDA:1,(anonymous_1)
FNDA:1,(anonymous_2)
FNDA:1,(anonymous_3)
FNDA:0,(anonymous_4)
DA:1,1
DA:2,1
DA:4,1
DA:9,1
DA:13,1
DA:14,1
DA:15,1
DA:19,1
DA:20,1
DA:21,0
DA:22,0
DA:27,0
DA:28,0
DA:29,0
DA:30,0
LF:15
LH:9
BRDA:19,0,0,1
BRDA:27,1,0,0
BRF:2
BRH:1
end_of_record
TN:
SF:src\testing-utils\testDto.ts
FN:1,(anonymous_0)
FN:4,(anonymous_1)
FN:5,(anonymous_2)
FNF:3
FNH:3
FNDA:55,(anonymous_0)
FNDA:660,(anonymous_1)
FNDA:660,(anonymous_2)
DA:1,1
DA:2,55
DA:3,55
DA:4,660
DA:5,660
LF:5
LH:5
BRF:0
BRH:0
end_of_record
TN:
SF:src\utils\isImageUrl.ts
FN:3,(anonymous_1)
FNF:1
FNH:1
FNDA:16,(anonymous_1)
DA:1,1
DA:3,1
DA:4,16
DA:5,16
DA:7,16
DA:8,16
DA:10,0
LF:7
LH:6
BRDA:7,0,0,16
BRDA:7,0,1,0
BRDA:7,1,0,16
BRDA:7,1,1,16
BRF:4
BRH:3
end_of_record
